{"/home/ptm/Documents/Node_js/noda-timezones/src/index.ts": {"path":"/home/ptm/Documents/Node_js/noda-timezones/src/index.ts","statementMap":{"0":{"start":{"line":1,"column":0},"end":{"line":1,"column":41}},"1":{"start":{"line":2,"column":0},"end":{"line":2,"column":43}},"2":{"start":{"line":3,"column":0},"end":{"line":3,"column":42}},"3":{"start":{"line":19,"column":20},"end":{"line":19,"column":40}},"4":{"start":{"line":22,"column":19},"end":{"line":22,"column":61}},"5":{"start":{"line":25,"column":23},"end":{"line":25,"column":43}},"6":{"start":{"line":28,"column":18},"end":{"line":28,"column":51}},"7":{"start":{"line":31,"column":13},"end":{"line":31,"column":34}},"8":{"start":{"line":32,"column":13},"end":{"line":32,"column":34}},"9":{"start":{"line":33,"column":13},"end":{"line":33,"column":34}},"10":{"start":{"line":34,"column":13},"end":{"line":34,"column":34}},"11":{"start":{"line":37,"column":24},"end":{"line":37,"column":59}},"12":{"start":{"line":40,"column":19},"end":{"line":40,"column":40}},"13":{"start":{"line":43,"column":2},"end":{"line":43,"column":51}},"14":{"start":{"line":51,"column":2},"end":{"line":51,"column":28}},"15":{"start":{"line":97,"column":16},"end":{"line":97,"column":30}},"16":{"start":{"line":100,"column":2},"end":{"line":115,"column":3}},"17":{"start":{"line":101,"column":17},"end":{"line":101,"column":43}},"18":{"start":{"line":102,"column":4},"end":{"line":114,"column":5}},"19":{"start":{"line":103,"column":6},"end":{"line":112,"column":8}},"20":{"start":{"line":113,"column":6},"end":{"line":113,"column":12}},"21":{"start":{"line":117,"column":2},"end":{"line":117,"column":13}},"22":{"start":{"line":96,"column":0},"end":{"line":96,"column":16}},"23":{"start":{"line":131,"column":31},"end":{"line":147,"column":1}},"24":{"start":{"line":133,"column":23},"end":{"line":133,"column":37}},"25":{"start":{"line":136,"column":14},"end":{"line":137,"column":null}},"26":{"start":{"line":137,"column":4},"end":{"line":137,"column":32}},"27":{"start":{"line":141,"column":27},"end":{"line":141,"column":46}},"28":{"start":{"line":144,"column":16},"end":{"line":144,"column":57}},"29":{"start":{"line":146,"column":2},"end":{"line":146,"column":15}},"30":{"start":{"line":131,"column":13},"end":{"line":131,"column":31}},"31":{"start":{"line":167,"column":14},"end":{"line":167,"column":28}},"32":{"start":{"line":168,"column":15},"end":{"line":168,"column":16}},"33":{"start":{"line":170,"column":2},"end":{"line":175,"column":5}},"34":{"start":{"line":171,"column":19},"end":{"line":171,"column":67}},"35":{"start":{"line":171,"column":44},"end":{"line":171,"column":66}},"36":{"start":{"line":172,"column":4},"end":{"line":174,"column":5}},"37":{"start":{"line":173,"column":6},"end":{"line":173,"column":30}},"38":{"start":{"line":177,"column":19},"end":{"line":177,"column":107}},"39":{"start":{"line":178,"column":2},"end":{"line":178,"column":18}},"40":{"start":{"line":166,"column":0},"end":{"line":166,"column":16}},"41":{"start":{"line":235,"column":17},"end":{"line":235,"column":73}},"42":{"start":{"line":235,"column":44},"end":{"line":235,"column":72}},"43":{"start":{"line":236,"column":15},"end":{"line":236,"column":69}},"44":{"start":{"line":236,"column":42},"end":{"line":236,"column":68}},"45":{"start":{"line":237,"column":13},"end":{"line":237,"column":70}},"46":{"start":{"line":237,"column":40},"end":{"line":237,"column":69}},"47":{"start":{"line":238,"column":14},"end":{"line":238,"column":66}},"48":{"start":{"line":238,"column":41},"end":{"line":238,"column":65}},"49":{"start":{"line":239,"column":17},"end":{"line":239,"column":73}},"50":{"start":{"line":239,"column":44},"end":{"line":239,"column":72}},"51":{"start":{"line":240,"column":17},"end":{"line":240,"column":73}},"52":{"start":{"line":240,"column":44},"end":{"line":240,"column":72}},"53":{"start":{"line":241,"column":17},"end":{"line":241,"column":73}},"54":{"start":{"line":241,"column":44},"end":{"line":241,"column":72}},"55":{"start":{"line":242,"column":21},"end":{"line":243,"column":null}},"56":{"start":{"line":243,"column":19},"end":{"line":243,"column":51}},"57":{"start":{"line":245,"column":17},"end":{"line":245,"column":73}},"58":{"start":{"line":245,"column":44},"end":{"line":245,"column":72}},"59":{"start":{"line":246,"column":19},"end":{"line":246,"column":77}},"60":{"start":{"line":246,"column":46},"end":{"line":246,"column":76}},"61":{"start":{"line":247,"column":20},"end":{"line":247,"column":79}},"62":{"start":{"line":247,"column":47},"end":{"line":247,"column":78}},"63":{"start":{"line":248,"column":17},"end":{"line":248,"column":73}},"64":{"start":{"line":248,"column":44},"end":{"line":248,"column":72}},"65":{"start":{"line":249,"column":17},"end":{"line":249,"column":73}},"66":{"start":{"line":249,"column":44},"end":{"line":249,"column":72}},"67":{"start":{"line":250,"column":18},"end":{"line":250,"column":75}},"68":{"start":{"line":250,"column":45},"end":{"line":250,"column":74}},"69":{"start":{"line":251,"column":16},"end":{"line":251,"column":71}},"70":{"start":{"line":251,"column":43},"end":{"line":251,"column":70}},"71":{"start":{"line":252,"column":18},"end":{"line":252,"column":65}},"72":{"start":{"line":253,"column":14},"end":{"line":253,"column":18}},"73":{"start":{"line":254,"column":2},"end":{"line":271,"column":4}},"74":{"start":{"line":234,"column":0},"end":{"line":234,"column":16}}},"fnMap":{"0":{"name":"utc","decl":{"start":{"line":17,"column":9},"end":{"line":17,"column":12}},"loc":{"start":{"line":17,"column":12},"end":{"line":44,"column":1}}},"1":{"name":"utcTimeStemp","decl":{"start":{"line":50,"column":9},"end":{"line":50,"column":21}},"loc":{"start":{"line":50,"column":21},"end":{"line":52,"column":1}}},"2":{"name":"zoneData","decl":{"start":{"line":96,"column":16},"end":{"line":96,"column":24}},"loc":{"start":{"line":96,"column":41},"end":{"line":118,"column":1}}},"3":{"name":"(anonymous_4)","decl":{"start":{"line":131,"column":31},"end":{"line":131,"column":32}},"loc":{"start":{"line":131,"column":58},"end":{"line":147,"column":1}}},"4":{"name":"(anonymous_5)","decl":{"start":{"line":136,"column":28},"end":{"line":136,"column":29}},"loc":{"start":{"line":137,"column":4},"end":{"line":137,"column":32}}},"5":{"name":"currentTimeInCity","decl":{"start":{"line":166,"column":16},"end":{"line":166,"column":33}},"loc":{"start":{"line":166,"column":46},"end":{"line":179,"column":1}}},"6":{"name":"(anonymous_7)","decl":{"start":{"line":170,"column":18},"end":{"line":170,"column":19}},"loc":{"start":{"line":170,"column":27},"end":{"line":175,"column":3}}},"7":{"name":"(anonymous_8)","decl":{"start":{"line":171,"column":37},"end":{"line":171,"column":38}},"loc":{"start":{"line":171,"column":44},"end":{"line":171,"column":66}}},"8":{"name":"getTimeZoneNames","decl":{"start":{"line":234,"column":16},"end":{"line":234,"column":32}},"loc":{"start":{"line":234,"column":32},"end":{"line":272,"column":1}}},"9":{"name":"(anonymous_10)","decl":{"start":{"line":235,"column":29},"end":{"line":235,"column":30}},"loc":{"start":{"line":235,"column":44},"end":{"line":235,"column":72}}},"10":{"name":"(anonymous_11)","decl":{"start":{"line":236,"column":27},"end":{"line":236,"column":28}},"loc":{"start":{"line":236,"column":42},"end":{"line":236,"column":68}}},"11":{"name":"(anonymous_12)","decl":{"start":{"line":237,"column":25},"end":{"line":237,"column":26}},"loc":{"start":{"line":237,"column":40},"end":{"line":237,"column":69}}},"12":{"name":"(anonymous_13)","decl":{"start":{"line":238,"column":26},"end":{"line":238,"column":27}},"loc":{"start":{"line":238,"column":41},"end":{"line":238,"column":65}}},"13":{"name":"(anonymous_14)","decl":{"start":{"line":239,"column":29},"end":{"line":239,"column":30}},"loc":{"start":{"line":239,"column":44},"end":{"line":239,"column":72}}},"14":{"name":"(anonymous_15)","decl":{"start":{"line":240,"column":29},"end":{"line":240,"column":30}},"loc":{"start":{"line":240,"column":44},"end":{"line":240,"column":72}}},"15":{"name":"(anonymous_16)","decl":{"start":{"line":241,"column":29},"end":{"line":241,"column":30}},"loc":{"start":{"line":241,"column":44},"end":{"line":241,"column":72}}},"16":{"name":"(anonymous_17)","decl":{"start":{"line":243,"column":4},"end":{"line":243,"column":5}},"loc":{"start":{"line":243,"column":19},"end":{"line":243,"column":51}}},"17":{"name":"(anonymous_18)","decl":{"start":{"line":245,"column":29},"end":{"line":245,"column":30}},"loc":{"start":{"line":245,"column":44},"end":{"line":245,"column":72}}},"18":{"name":"(anonymous_19)","decl":{"start":{"line":246,"column":31},"end":{"line":246,"column":32}},"loc":{"start":{"line":246,"column":46},"end":{"line":246,"column":76}}},"19":{"name":"(anonymous_20)","decl":{"start":{"line":247,"column":32},"end":{"line":247,"column":33}},"loc":{"start":{"line":247,"column":47},"end":{"line":247,"column":78}}},"20":{"name":"(anonymous_21)","decl":{"start":{"line":248,"column":29},"end":{"line":248,"column":30}},"loc":{"start":{"line":248,"column":44},"end":{"line":248,"column":72}}},"21":{"name":"(anonymous_22)","decl":{"start":{"line":249,"column":29},"end":{"line":249,"column":30}},"loc":{"start":{"line":249,"column":44},"end":{"line":249,"column":72}}},"22":{"name":"(anonymous_23)","decl":{"start":{"line":250,"column":30},"end":{"line":250,"column":31}},"loc":{"start":{"line":250,"column":45},"end":{"line":250,"column":74}}},"23":{"name":"(anonymous_24)","decl":{"start":{"line":251,"column":28},"end":{"line":251,"column":29}},"loc":{"start":{"line":251,"column":43},"end":{"line":251,"column":70}}}},"branchMap":{"0":{"loc":{"start":{"line":102,"column":4},"end":{"line":114,"column":5}},"type":"if","locations":[{"start":{"line":102,"column":4},"end":{"line":114,"column":5}}]},"1":{"loc":{"start":{"line":105,"column":18},"end":{"line":111,"column":null}},"type":"binary-expr","locations":[{"start":{"line":105,"column":18},"end":{"line":105,"column":31}},{"start":{"line":105,"column":35},"end":{"line":111,"column":null}}]},"2":{"loc":{"start":{"line":136,"column":14},"end":{"line":137,"column":null}},"type":"cond-expr","locations":[{"start":{"line":136,"column":21},"end":{"line":136,"column":23}},{"start":{"line":136,"column":14},"end":{"line":137,"column":null}}]},"3":{"loc":{"start":{"line":136,"column":14},"end":{"line":136,"column":23}},"type":"binary-expr","locations":[{"start":{"line":136,"column":14},"end":{"line":136,"column":23}},{"start":{"line":136,"column":14},"end":{"line":136,"column":23}}]},"4":{"loc":{"start":{"line":141,"column":27},"end":{"line":141,"column":46}},"type":"binary-expr","locations":[{"start":{"line":141,"column":27},"end":{"line":141,"column":41}},{"start":{"line":141,"column":45},"end":{"line":141,"column":46}}]},"5":{"loc":{"start":{"line":141,"column":27},"end":{"line":141,"column":41}},"type":"cond-expr","locations":[{"start":{"line":141,"column":30},"end":{"line":141,"column":32}},{"start":{"line":141,"column":27},"end":{"line":141,"column":41}}]},"6":{"loc":{"start":{"line":141,"column":27},"end":{"line":141,"column":32}},"type":"binary-expr","locations":[{"start":{"line":141,"column":27},"end":{"line":141,"column":32}},{"start":{"line":141,"column":27},"end":{"line":141,"column":32}}]},"7":{"loc":{"start":{"line":172,"column":4},"end":{"line":174,"column":5}},"type":"if","locations":[{"start":{"line":172,"column":4},"end":{"line":174,"column":5}}]},"8":{"loc":{"start":{"line":177,"column":19},"end":{"line":177,"column":107}},"type":"cond-expr","locations":[{"start":{"line":177,"column":34},"end":{"line":177,"column":56}},{"start":{"line":177,"column":59},"end":{"line":177,"column":107}}]}},"s":{"0":4,"1":4,"2":4,"3":4,"4":4,"5":4,"6":4,"7":4,"8":4,"9":4,"10":4,"11":4,"12":4,"13":4,"14":4,"15":6,"16":6,"17":1057,"18":1057,"19":3,"20":3,"21":6,"22":4,"23":4,"24":2,"25":2,"26":208,"27":2,"28":2,"29":2,"30":4,"31":2,"32":2,"33":2,"34":702,"35":1192,"36":702,"37":1,"38":2,"39":2,"40":4,"41":1,"42":596,"43":1,"44":596,"45":1,"46":596,"47":1,"48":596,"49":1,"50":596,"51":1,"52":596,"53":1,"54":596,"55":1,"56":596,"57":1,"58":596,"59":1,"60":596,"61":1,"62":596,"63":1,"64":596,"65":1,"66":596,"67":1,"68":596,"69":1,"70":596,"71":1,"72":1,"73":1,"74":4},"f":{"0":4,"1":4,"2":6,"3":2,"4":208,"5":2,"6":702,"7":1192,"8":1,"9":596,"10":596,"11":596,"12":596,"13":596,"14":596,"15":596,"16":596,"17":596,"18":596,"19":596,"20":596,"21":596,"22":596,"23":596},"b":{"0":[3],"1":[3,0],"2":[0,2],"3":[2,2],"4":[2,0],"5":[0,2],"6":[2,2],"7":[1],"8":[1,1]}}
}
